timestamp: 2012-06-06T14:25:43.531000
CREATE TABLE auth_user(
    id INTEGER PRIMARY KEY AUTOINCREMENT,
    first_name CHAR(128),
    last_name CHAR(128),
    email CHAR(512),
    password CHAR(512),
    registration_key CHAR(512),
    reset_password_key CHAR(512),
    registration_id CHAR(512)
);
success!
timestamp: 2012-06-06T14:25:43.578000
CREATE TABLE auth_group(
    id INTEGER PRIMARY KEY AUTOINCREMENT,
    role CHAR(512),
    description TEXT
);
success!
timestamp: 2012-06-06T14:25:43.593000
CREATE TABLE auth_membership(
    id INTEGER PRIMARY KEY AUTOINCREMENT,
    user_id INTEGER REFERENCES auth_user(id) ON DELETE CASCADE,
    group_id INTEGER REFERENCES auth_group(id) ON DELETE CASCADE
);
success!
timestamp: 2012-06-06T14:25:43.625000
CREATE TABLE auth_permission(
    id INTEGER PRIMARY KEY AUTOINCREMENT,
    group_id INTEGER REFERENCES auth_group(id) ON DELETE CASCADE,
    name CHAR(512),
    table_name CHAR(512),
    record_id INTEGER
);
success!
timestamp: 2012-06-06T14:25:43.640000
CREATE TABLE auth_event(
    id INTEGER PRIMARY KEY AUTOINCREMENT,
    time_stamp TIMESTAMP,
    client_ip CHAR(512),
    user_id INTEGER REFERENCES auth_user(id) ON DELETE CASCADE,
    origin CHAR(512),
    description TEXT
);
success!
timestamp: 2012-06-06T14:25:43.671000
CREATE TABLE auth_cas(
    id INTEGER PRIMARY KEY AUTOINCREMENT,
    user_id INTEGER REFERENCES auth_user(id) ON DELETE CASCADE,
    created_on TIMESTAMP,
    service CHAR(512),
    ticket CHAR(512),
    renew CHAR(1)
);
success!
timestamp: 2012-06-22T12:10:21.484000
CREATE TABLE email_info(
    id INTEGER PRIMARY KEY AUTOINCREMENT,
    Company_Name CHAR(512),
    First_String CHAR(512),
    Delimiter CHAR(512),
    Second_String CHAR(512),
    Domain_Name CHAR(512)
);
success!
timestamp: 2012-07-05T14:31:44.828000
CREATE TABLE files(
    id INTEGER PRIMARY KEY AUTOINCREMENT,
    Upload_File CHAR(512)
);
success!
timestamp: 2012-07-05T16:07:20.468000
ALTER TABLE files ADD save_as CHAR(512);
